\BOOKMARK [1][-]{Doc-Start}{\376\377\004\037\004\100\004\065\004\064\004\070\004\101\004\073\004\076\004\062\004\070\004\065}{}% 1
\BOOKMARK [1][-]{Doc-Start}{\376\377\004\036\004\061\004\076\004\067\004\075\004\060\004\107\004\065\004\075\004\070\004\117}{}% 2
\BOOKMARK [0][-]{chapter.1}{\376\377\004\036\004\101\004\075\004\076\004\062\004\113\000\040\004\072\004\070\004\075\004\065\004\074\004\060\004\102\004\070\004\072\004\070}{}% 3
\BOOKMARK [1][-]{section.1.1}{\376\377\004\032\004\070\004\075\004\065\004\074\004\060\004\102\004\070\004\072\004\060\000\040\004\076\004\064\004\075\004\076\004\074\004\065\004\100\004\075\004\076\004\063\004\076\000\040\004\064\004\062\004\070\004\066\004\065\004\075\004\070\004\117}{chapter.1}% 4
\BOOKMARK [1][-]{section.1.2}{\376\377\004\036\004\102\004\075\004\076\004\101\004\070\004\102\004\065\004\073\004\114\004\075\004\076\004\101\004\102\004\114\000\040\004\064\004\062\004\070\004\066\004\065\004\075\004\070\004\117}{chapter.1}% 5
\BOOKMARK [2][-]{subsection.1.2.1}{\376\377\004\027\004\060\004\072\004\076\004\075\000\040\004\101\004\073\004\076\004\066\004\065\004\075\004\070\004\117\000\040\004\101\004\072\004\076\004\100\004\076\004\101\004\102\004\065\004\071}{section.1.2}% 6
\BOOKMARK [2][-]{subsection.1.2.2}{\376\377\004\034\004\065\004\102\004\076\004\064\000\040\004\077\004\076\004\064\004\062\004\070\004\066\004\075\004\076\004\071\000\040\004\101\004\070\004\101\004\102\004\065\004\074\004\113\000\040\004\076\004\102\004\101\004\107\004\121\004\102\004\060}{section.1.2}% 7
\BOOKMARK [2][-]{subsection.1.2.3}{\376\377\004\043\004\077\004\100\004\103\004\063\004\076\004\065\000\040\004\076\004\102\004\100\004\060\004\066\004\065\004\075\004\070\004\065\000\040\004\076\004\102\000\040\004\064\004\062\004\070\004\066\004\103\004\111\004\065\004\071\004\101\004\117\000\040\004\077\004\076\004\062\004\065\004\100\004\105\004\075\004\076\004\101\004\102\004\070}{section.1.2}% 8
\BOOKMARK [2][-]{subsection.1.2.4}{\376\377\004\055\004\104\004\104\004\065\004\072\004\102\000\040\004\024\004\076\004\077\004\073\004\065\004\100\004\060}{section.1.2}% 9
\BOOKMARK [2][-]{subsection.1.2.5}{\376\377\004\022\004\100\004\060\004\111\004\060\004\116\004\111\004\060\004\117\004\101\004\117\000\040\004\101\004\070\004\101\004\102\004\065\004\074\004\060\000\040\004\076\004\102\004\101\004\107\004\121\004\102\004\060\000:\000\040\004\101\004\072\004\076\004\100\004\076\004\101\004\102\004\070}{section.1.2}% 10
\BOOKMARK [2][-]{subsection.1.2.6}{\376\377\004\022\004\100\004\060\004\111\004\060\004\116\004\111\004\060\004\117\004\101\004\117\000\040\004\101\004\070\004\101\004\102\004\065\004\074\004\060\000\040\004\076\004\102\004\101\004\107\004\121\004\102\004\060\000:\000\040\004\103\004\101\004\072\004\076\004\100\004\065\004\075\004\070\004\117\000.\000\040\004\043\004\101\004\072\004\076\004\100\004\065\004\075\004\070\004\065\000\040\004\032\004\076\004\100\004\070\004\076\004\073\004\070\004\101\004\060}{section.1.2}% 11
\BOOKMARK [2][-]{subsection.1.2.7}{\376\377\004\036\004\061\004\111\004\070\004\071\000\040\004\101\004\073\004\103\004\107\004\060\004\071\000:\000\040\004\102\004\065\004\076\004\100\004\065\004\074\004\060\000\040\004\032\004\076\004\100\004\070\004\076\004\073\004\070\004\101\004\060}{section.1.2}% 12
\BOOKMARK [1][-]{section.1.3}{\376\377\004\032\004\100\004\070\004\062\004\076\004\073\004\070\004\075\004\065\004\071\004\075\004\076\004\065\000\040\004\064\004\062\004\070\004\066\004\065\004\075\004\070\004\065}{chapter.1}% 13
\BOOKMARK [2][-]{subsection.1.3.1}{\376\377\004\040\004\060\004\062\004\075\004\076\004\074\004\065\004\100\004\075\004\076\004\065\000\040\004\064\004\062\004\070\004\066\004\065\004\075\004\070\004\065\000\040\004\077\004\076\000\040\004\076\004\072\004\100\004\103\004\066\004\075\004\076\004\101\004\102\004\070\000.\000\040\004\043\004\063\004\073\004\076\004\062\004\060\004\117\000\040\004\101\004\072\004\076\004\100\004\076\004\101\004\102\004\114}{section.1.3}% 14
\BOOKMARK [2][-]{subsection.1.3.2}{\376\377\004\035\004\076\004\100\004\074\004\060\004\073\004\114\004\075\004\076\004\065\000\040\004\070\000\040\004\072\004\060\004\101\004\060\004\102\004\065\004\073\004\114\004\075\004\076\004\065\000\040\004\103\004\101\004\072\004\076\004\100\004\065\004\075\004\070\004\117}{section.1.3}% 15
\BOOKMARK [2][-]{subsection.1.3.3}{\376\377\004\040\004\060\004\064\004\070\004\103\004\101\000\040\004\072\004\100\004\070\004\062\004\070\004\067\004\075\004\113}{section.1.3}% 16
\BOOKMARK [2][-]{subsection.1.3.4}{\376\377\004\027\004\060\004\064\004\060\004\107\004\070\000\040\004\077\004\100\004\065\004\101\004\073\004\065\004\064\004\076\004\062\004\060\004\075\004\070\004\117}{section.1.3}% 17
\BOOKMARK [1][-]{section.1.4}{\376\377\004\037\004\073\004\076\004\101\004\072\004\076\004\077\004\060\004\100\004\060\004\073\004\073\004\065\004\073\004\114\004\075\004\076\004\065\000\040\004\064\004\062\004\070\004\066\004\065\004\075\004\070\004\065\000\040\004\102\004\062\004\121\004\100\004\064\004\076\004\063\004\076\000\040\004\102\004\065\004\073\004\060}{chapter.1}% 18
\BOOKMARK [2][-]{subsection.1.4.1}{\376\377\004\036\004\101\004\075\004\076\004\062\004\075\004\113\004\065\000\040\004\076\004\077\004\100\004\065\004\064\004\065\004\073\004\065\004\075\004\070\004\117}{section.1.4}% 19
\BOOKMARK [2][-]{subsection.1.4.2}{\376\377\004\042\004\065\004\076\004\100\004\065\004\074\004\060\000\040\004\076\000\040\004\077\004\065\004\100\004\065\004\074\004\065\004\111\004\065\004\075\004\070\004\070\000\040\004\077\004\073\004\076\004\101\004\072\004\076\004\071\000\040\004\104\004\070\004\063\004\103\004\100\004\113}{section.1.4}% 20
\BOOKMARK [2][-]{subsection.1.4.3}{\376\377\004\037\004\100\004\065\004\064\004\065\004\073\004\114\004\075\004\113\004\071\000\040\004\077\004\065\004\100\004\065\004\105\004\076\004\064\000:\000\040\004\076\004\102\000\040\004\072\004\076\004\075\004\065\004\107\004\075\004\076\004\063\004\076\000\040\004\077\004\065\004\100\004\065\004\074\004\065\004\111\004\065\004\075\004\070\004\117\000\040\004\072\000\040\004\074\004\063\004\075\004\076\004\062\004\065\004\075\004\075\004\076\004\074\004\103\000\040\004\064\004\062\004\070\004\066\004\065\004\075\004\070\004\116}{section.1.4}% 21
\BOOKMARK [2][-]{subsection.1.4.4}{\376\377\004\043\004\063\004\073\004\076\004\062\004\060\004\117\000\040\004\101\004\072\004\076\004\100\004\076\004\101\004\102\004\114}{section.1.4}% 22
\BOOKMARK [2][-]{subsection.1.4.5}{\376\377\004\037\004\076\004\073\004\065\000\040\004\101\004\072\004\076\004\100\004\076\004\101\004\102\004\065\004\071\000\040\004\077\004\073\004\076\004\101\004\072\004\076\004\071\000\040\004\104\004\070\004\063\004\103\004\100\004\113}{section.1.4}% 23
\BOOKMARK [2][-]{subsection.1.4.6}{\376\377\004\034\004\063\004\075\004\076\004\062\004\065\004\075\004\075\004\113\004\071\000\040\004\106\004\065\004\075\004\102\004\100\000\040\004\101\004\072\004\076\004\100\004\076\004\101\004\102\004\065\004\071}{section.1.4}% 24
\BOOKMARK [2][-]{subsection.1.4.7}{\376\377\004\043\004\101\004\072\004\076\004\100\004\065\004\075\004\070\004\117\000\040\004\102\004\076\004\107\004\065\004\072\000\040\004\102\004\062\004\121\004\100\004\064\004\076\004\063\004\076\000\040\004\102\004\065\004\073\004\060}{section.1.4}% 25
\BOOKMARK [0][-]{excounter.1.37}{\376\377\004\041\004\077\004\070\004\101\004\076\004\072\000\040\004\073\004\070\004\102\004\065\004\100\004\060\004\102\004\103\004\100\004\113}{}% 26
